INFO  | 2021-02-22 14:57:48 | [main] ca_provaberti2.Program (Program.java:44) - LOG_PRINCIPALE Info
WARN  | 2021-02-22 14:57:48 | [main] ca_provaberti2.Program (Program.java:45) - LOG_PRINCIPALE Warn
ERROR | 2021-02-22 14:57:48 | [main] ca_provaberti2.Program (Program.java:46) - LOG_PRINCIPALE Error
FATAL | 2021-02-22 14:57:48 | [main] ca_provaberti2.Program (Program.java:47) - LOG_PRINCIPALE Fatal
INFO  | 2021-02-22 14:57:48 | [main] ca_provaberti2.Program (Program.java:48) - LOG_PRINCIPALE aggiungo una stringa a livello info
INFO  | 2021-02-22 15:04:05 | [main] ca_provaberti2.Program (Program.java:44) - LOG_PRINCIPALE Info
WARN  | 2021-02-22 15:04:05 | [main] ca_provaberti2.Program (Program.java:45) - LOG_PRINCIPALE Warn
ERROR | 2021-02-22 15:04:05 | [main] ca_provaberti2.Program (Program.java:46) - LOG_PRINCIPALE Error
FATAL | 2021-02-22 15:04:05 | [main] ca_provaberti2.Program (Program.java:47) - LOG_PRINCIPALE Fatal
INFO  | 2021-02-22 15:04:05 | [main] ca_provaberti2.Program (Program.java:48) - LOG_PRINCIPALE aggiungo una stringa a livello info
INFO  | 2021-02-22 15:04:05 | [main] ca_provaberti2.Program (Program.java:52) - Database updated
INFO  | 2021-02-22 15:04:05 | [main] ca_provaberti2.Program (Program.java:52) - Database updated
INFO  | 2021-02-22 15:05:51 | [main] ca_provaberti2.Program (Program.java:47) - Database updated
INFO  | 2021-02-22 15:05:51 | [main] ca_provaberti2.Program (Program.java:47) - Database updated
INFO  | 2021-02-22 15:06:17 | [main] ca_provaberti2.Program (Program.java:47) - 
Database updated

INFO  | 2021-02-22 15:06:17 | [main] ca_provaberti2.Program (Program.java:47) - 
Database updated

INFO  | 2021-02-22 16:20:26 | [main] ca_provaberti2.Program (Program.java:47) - Database updated
INFO  | 2021-02-22 16:20:26 | [main] ca_provaberti2.Program (Program.java:47) - Database updated
INFO  | 2021-02-28 17:13:23 | [main] ca_provaberti2.Program (Program.java:65) - Database updated
INFO  | 2021-02-28 17:13:23 | [main] ca_provaberti2.Program (Program.java:65) - Database updated
INFO  | 2021-02-28 17:15:23 | [main] ca_provaberti2.Program (Program.java:70) - Database updated
INFO  | 2021-02-28 17:15:23 | [main] ca_provaberti2.Program (Program.java:70) - Database updated
INFO  | 2021-02-28 17:15:39 | [main] ca_provaberti2.Program (Program.java:70) - Database updated
INFO  | 2021-02-28 17:15:39 | [main] ca_provaberti2.Program (Program.java:70) - Database updated
INFO  | 2021-02-28 17:17:02 | [main] ca_provaberti2.Program (Program.java:70) - Database updated
INFO  | 2021-02-28 17:17:02 | [main] ca_provaberti2.Program (Program.java:70) - Database updated
INFO  | 2021-02-28 17:20:29 | [main] ca_provaberti2.Program (Program.java:52) - Database updated
INFO  | 2021-02-28 17:20:29 | [main] ca_provaberti2.Program (Program.java:52) - Database updated
INFO  | 2021-02-28 17:20:44 | [main] ca_provaberti2.Program (Program.java:52) - Database updated
INFO  | 2021-02-28 17:20:44 | [main] ca_provaberti2.Program (Program.java:52) - Database updated
INFO  | 2021-02-28 17:22:06 | [main] ca_provaberti2.Program (Program.java:52) - Database updated
INFO  | 2021-02-28 17:22:06 | [main] ca_provaberti2.Program (Program.java:52) - Database updated
INFO  | 2021-02-28 17:24:57 | [main] ca_provaberti2.Program (Program.java:52) - Database updated
INFO  | 2021-02-28 17:24:57 | [main] ca_provaberti2.Program (Program.java:52) - Database updated
INFO  | 2021-02-28 17:25:20 | [main] ca_provaberti2.Program (Program.java:52) - Database updated
INFO  | 2021-02-28 17:25:20 | [main] ca_provaberti2.Program (Program.java:52) - Database updated
INFO  | 2021-02-28 17:26:05 | [main] ca_provaberti2.Program (Program.java:52) - Database updated
INFO  | 2021-02-28 17:26:05 | [main] ca_provaberti2.Program (Program.java:52) - Database updated
INFO  | 2021-02-28 17:38:19 | [main] ca_provaberti2.Program (Program.java:52) - Database updated
INFO  | 2021-02-28 17:38:19 | [main] ca_provaberti2.Program (Program.java:52) - Database updated
INFO  | 2021-02-28 17:41:23 | [main] ca_provaberti2.Program (Program.java:52) - Database updated
INFO  | 2021-02-28 17:41:23 | [main] ca_provaberti2.Program (Program.java:52) - Database updated
INFO  | 2021-02-28 17:42:25 | [main] ca_provaberti2.Program (Program.java:52) - Database updated
INFO  | 2021-02-28 17:42:25 | [main] ca_provaberti2.Program (Program.java:52) - Database updated
INFO  | 2021-02-28 17:53:42 | [main] ca_provaberti2.Program (Program.java:52) - Database updated
INFO  | 2021-02-28 17:53:42 | [main] ca_provaberti2.Program (Program.java:52) - Database updated
INFO  | 2021-02-28 17:56:14 | [main] ca_provaberti2.Program (Program.java:52) - Database updated
INFO  | 2021-02-28 17:56:14 | [main] ca_provaberti2.Program (Program.java:52) - Database updated
INFO  | 2021-03-01 14:54:30 | [main] ca_provaberti2.Program (Program.java:52) - Database updated
INFO  | 2021-03-01 14:54:30 | [main] ca_provaberti2.Program (Program.java:52) - Database updated
INFO  | 2021-03-01 14:54:56 | [main] ca_provaberti2.Program (Program.java:52) - Database updated
INFO  | 2021-03-01 14:54:56 | [main] ca_provaberti2.Program (Program.java:52) - Database updated
INFO  | 2021-03-01 14:57:34 | [main] ca_provaberti2.Program (Program.java:49) - Database updated
INFO  | 2021-03-01 14:57:34 | [main] ca_provaberti2.Program (Program.java:49) - Database updated
INFO  | 2021-03-01 14:58:05 | [main] ca_provaberti2.Program (Program.java:49) - Database updated
INFO  | 2021-03-01 14:58:05 | [main] ca_provaberti2.Program (Program.java:49) - Database updated
INFO  | 2021-03-01 15:04:17 | [main] ca_provaberti2.Program (Program.java:50) - Database updated
INFO  | 2021-03-01 15:04:17 | [main] ca_provaberti2.Program (Program.java:50) - Database updated
INFO  | 2021-03-01 15:04:36 | [main] ca_provaberti2.Program (Program.java:50) - Database updated
INFO  | 2021-03-01 15:04:36 | [main] ca_provaberti2.Program (Program.java:50) - Database updated
INFO  | 2021-03-01 15:05:09 | [main] ca_provaberti2.Program (Program.java:50) - Database updated
INFO  | 2021-03-01 15:05:09 | [main] ca_provaberti2.Program (Program.java:50) - Database updated
INFO  | 2021-03-01 15:05:26 | [main] ca_provaberti2.Program (Program.java:50) - Database updated
INFO  | 2021-03-01 15:05:27 | [main] ca_provaberti2.Program (Program.java:50) - Database updated
INFO  | 2021-03-01 15:06:14 | [main] ca_provaberti2.Program (Program.java:50) - Database updated
INFO  | 2021-03-01 15:06:14 | [main] ca_provaberti2.Program (Program.java:50) - Database updated
INFO  | 2021-03-01 15:06:32 | [main] ca_provaberti2.Program (Program.java:50) - Database updated
INFO  | 2021-03-01 15:06:32 | [main] ca_provaberti2.Program (Program.java:50) - Database updated
INFO  | 2021-03-01 15:06:51 | [main] ca_provaberti2.Program (Program.java:50) - Database updated
INFO  | 2021-03-01 15:06:51 | [main] ca_provaberti2.Program (Program.java:50) - Database updated
INFO  | 2021-03-01 15:08:29 | [main] ca_provaberti2.Program (Program.java:51) - Database updated
INFO  | 2021-03-01 15:08:30 | [main] ca_provaberti2.Program (Program.java:51) - Database updated
INFO  | 2021-03-01 15:09:08 | [main] ca_provaberti2.Program (Program.java:51) - Database updated
INFO  | 2021-03-01 15:09:08 | [main] ca_provaberti2.Program (Program.java:51) - Database updated
INFO  | 2021-03-01 15:09:39 | [main] ca_provaberti2.Program (Program.java:51) - Database updated
INFO  | 2021-03-01 15:09:39 | [main] ca_provaberti2.Program (Program.java:51) - Database updated
INFO  | 2021-03-01 15:14:57 | [main] ca_provaberti2.Program (Program.java:51) - Database updated
INFO  | 2021-03-01 15:14:57 | [main] ca_provaberti2.Program (Program.java:51) - Database updated
INFO  | 2021-03-01 15:15:39 | [main] ca_provaberti2.Program (Program.java:51) - Database updated
INFO  | 2021-03-01 15:15:39 | [main] ca_provaberti2.Program (Program.java:51) - Database updated
INFO  | 2021-03-01 15:19:02 | [main] ca_provaberti2.Program (Program.java:51) - Database updated
INFO  | 2021-03-01 15:19:02 | [main] ca_provaberti2.Program (Program.java:51) - Database updated
INFO  | 2021-03-01 18:34:54 | [main] ca_provaberti2.Program (Program.java:51) - Database updated
INFO  | 2021-03-01 18:34:54 | [main] ca_provaberti2.Program (Program.java:51) - Database updated
INFO  | 2021-03-02 01:30:10 | [main] ca_provaberti2.Program (Program.java:51) - Database updated
INFO  | 2021-03-02 01:30:10 | [main] ca_provaberti2.Program (Program.java:51) - Database updated
INFO  | 2021-03-02 01:30:26 | [main] ca_provaberti2.Program (Program.java:51) - Database updated
INFO  | 2021-03-02 01:30:26 | [main] ca_provaberti2.Program (Program.java:51) - Database updated
INFO  | 2021-03-02 01:35:27 | [main] ca_provaberti2.Program (Program.java:51) - Database updated
INFO  | 2021-03-02 01:35:27 | [main] ca_provaberti2.Program (Program.java:51) - Database updated
INFO  | 2021-03-02 01:36:09 | [main] ca_provaberti2.Program (Program.java:51) - Database updated
INFO  | 2021-03-02 01:36:09 | [main] ca_provaberti2.Program (Program.java:51) - Database updated
INFO  | 2021-03-02 01:42:13 | [main] ca_provaberti2.Program (Program.java:51) - Database updated
INFO  | 2021-03-02 01:42:13 | [main] ca_provaberti2.Program (Program.java:51) - Database updated
INFO  | 2021-03-02 01:44:17 | [main] ca_provaberti2.Program (Program.java:51) - Database updated
INFO  | 2021-03-02 01:44:17 | [main] ca_provaberti2.Program (Program.java:51) - Database updated
INFO  | 2021-03-02 01:46:56 | [main] ca_provaberti2.Program (Program.java:51) - Database updated
INFO  | 2021-03-02 01:46:56 | [main] ca_provaberti2.Program (Program.java:51) - Database updated
INFO  | 2021-03-02 11:56:28 | [main] ca_provaberti2.Program (Program.java:51) - Database updated
INFO  | 2021-03-02 11:56:28 | [main] ca_provaberti2.Program (Program.java:51) - Database updated
INFO  | 2021-03-02 12:05:44 | [main] ca_provaberti2.Program (Program.java:51) - Database updated
INFO  | 2021-03-02 12:05:44 | [main] ca_provaberti2.Program (Program.java:51) - Database updated
INFO  | 2021-03-02 12:06:04 | [main] ca_provaberti2.Program (Program.java:51) - Database updated
INFO  | 2021-03-02 12:06:04 | [main] ca_provaberti2.Program (Program.java:51) - Database updated
INFO  | 2021-03-02 12:07:25 | [main] ca_provaberti2.Program (Program.java:51) - Database updated
INFO  | 2021-03-02 12:07:25 | [main] ca_provaberti2.Program (Program.java:51) - Database updated
INFO  | 2021-03-02 12:08:44 | [main] ca_provaberti2.Program (Program.java:51) - Database updated
INFO  | 2021-03-02 12:08:44 | [main] ca_provaberti2.Program (Program.java:51) - Database updated
INFO  | 2021-03-02 12:15:03 | [main] ca_provaberti2.Program (Program.java:51) - Database updated
INFO  | 2021-03-02 12:15:03 | [main] ca_provaberti2.Program (Program.java:51) - Database updated
INFO  | 2021-03-02 12:16:08 | [main] ca_provaberti2.Program (Program.java:51) - Database updated
INFO  | 2021-03-02 12:16:08 | [main] ca_provaberti2.Program (Program.java:51) - Database updated
INFO  | 2021-03-02 12:16:42 | [main] ca_provaberti2.Program (Program.java:51) - Database updated
INFO  | 2021-03-02 12:16:42 | [main] ca_provaberti2.Program (Program.java:51) - Database updated
INFO  | 2021-03-02 12:17:28 | [main] ca_provaberti2.Program (Program.java:51) - Database updated
INFO  | 2021-03-02 12:17:28 | [main] ca_provaberti2.Program (Program.java:51) - Database updated
INFO  | 2021-03-02 12:18:00 | [main] ca_provaberti2.Program (Program.java:51) - Database updated
INFO  | 2021-03-02 12:18:00 | [main] ca_provaberti2.Program (Program.java:51) - Database updated
INFO  | 2021-03-02 12:22:04 | [main] ca_provaberti2.Program (Program.java:51) - Database updated
INFO  | 2021-03-02 12:22:04 | [main] ca_provaberti2.Program (Program.java:51) - Database updated
INFO  | 2021-03-02 12:23:52 | [main] ca_provaberti2.Program (Program.java:51) - Database updated
INFO  | 2021-03-02 12:23:52 | [main] ca_provaberti2.Program (Program.java:51) - Database updated
INFO  | 2021-03-02 12:24:05 | [main] ca_provaberti2.Program (Program.java:51) - Database updated
INFO  | 2021-03-02 12:24:05 | [main] ca_provaberti2.Program (Program.java:51) - Database updated
INFO  | 2021-03-02 12:29:27 | [main] ca_provaberti2.Program (Program.java:51) - Database updated
INFO  | 2021-03-02 12:29:27 | [main] ca_provaberti2.Program (Program.java:51) - Database updated
INFO  | 2021-03-02 12:39:47 | [main] ca_provaberti2.Program (Program.java:51) - Database updated
INFO  | 2021-03-02 12:39:47 | [main] ca_provaberti2.Program (Program.java:51) - Database updated
INFO  | 2021-03-02 12:40:32 | [main] ca_provaberti2.Program (Program.java:51) - Database updated
INFO  | 2021-03-02 12:40:32 | [main] ca_provaberti2.Program (Program.java:51) - Database updated
INFO  | 2021-03-02 12:43:59 | [main] ca_provaberti2.Program (Program.java:51) - Database updated
INFO  | 2021-03-02 12:43:59 | [main] ca_provaberti2.Program (Program.java:51) - Database updated
INFO  | 2021-03-02 12:44:11 | [main] ca_provaberti2.Program (Program.java:51) - Database updated
INFO  | 2021-03-02 12:44:11 | [main] ca_provaberti2.Program (Program.java:51) - Database updated
INFO  | 2021-03-02 12:49:27 | [main] ca_provaberti2.Program (Program.java:51) - Database updated
INFO  | 2021-03-02 12:49:27 | [main] ca_provaberti2.Program (Program.java:51) - Database updated
INFO  | 2021-03-02 12:50:53 | [main] ca_provaberti2.Program (Program.java:51) - Database updated
INFO  | 2021-03-02 12:50:53 | [main] ca_provaberti2.Program (Program.java:51) - Database updated
INFO  | 2021-03-02 12:58:28 | [main] ca_provaberti2.Program (Program.java:51) - Database updated
INFO  | 2021-03-02 12:58:28 | [main] ca_provaberti2.Program (Program.java:51) - Database updated
INFO  | 2021-03-02 13:02:06 | [main] ca_provaberti2.Program (Program.java:51) - Database updated
INFO  | 2021-03-02 13:02:06 | [main] ca_provaberti2.Program (Program.java:51) - Database updated
INFO  | 2021-03-02 13:02:41 | [main] ca_provaberti2.Program (Program.java:51) - Database updated
INFO  | 2021-03-02 13:02:41 | [main] ca_provaberti2.Program (Program.java:51) - Database updated
INFO  | 2021-03-02 13:48:53 | [main] ca_provaberti2.Program (Program.java:51) - Database updated
INFO  | 2021-03-02 13:48:53 | [main] ca_provaberti2.Program (Program.java:51) - Database updated
INFO  | 2021-03-02 15:01:59 | [main] ca_provaberti2.Program (Program.java:51) - Database updated
INFO  | 2021-03-02 15:01:59 | [main] ca_provaberti2.Program (Program.java:51) - Database updated
INFO  | 2021-03-02 15:02:48 | [main] ca_provaberti2.Program (Program.java:51) - Database updated
INFO  | 2021-03-02 15:02:48 | [main] ca_provaberti2.Program (Program.java:51) - Database updated
INFO  | 2021-03-02 15:03:54 | [main] ca_provaberti2.Program (Program.java:51) - Database updated
INFO  | 2021-03-02 15:03:54 | [main] ca_provaberti2.Program (Program.java:51) - Database updated
INFO  | 2021-03-02 15:04:51 | [main] ca_provaberti2.Program (Program.java:51) - Database updated
INFO  | 2021-03-02 15:04:51 | [main] ca_provaberti2.Program (Program.java:51) - Database updated
INFO  | 2021-03-02 15:07:11 | [main] ca_provaberti2.Program (Program.java:51) - Database updated
INFO  | 2021-03-02 15:07:11 | [main] ca_provaberti2.Program (Program.java:51) - Database updated
INFO  | 2021-03-02 15:08:22 | [main] ca_provaberti2.Program (Program.java:51) - Database updated
INFO  | 2021-03-02 15:08:22 | [main] ca_provaberti2.Program (Program.java:51) - Database updated
INFO  | 2021-03-02 15:10:36 | [main] ca_provaberti2.Program (Program.java:51) - Database updated
INFO  | 2021-03-02 15:10:36 | [main] ca_provaberti2.Program (Program.java:51) - Database updated
INFO  | 2021-03-03 13:19:52 | [main] ca_provaberti2.Program (Program.java:51) - Database updated
INFO  | 2021-03-03 13:19:52 | [main] ca_provaberti2.Program (Program.java:51) - Database updated
INFO  | 2021-03-03 13:21:23 | [main] ca_provaberti2.Program (Program.java:51) - Database updated
INFO  | 2021-03-03 13:21:23 | [main] ca_provaberti2.Program (Program.java:51) - Database updated
INFO  | 2021-03-03 13:21:54 | [main] ca_provaberti2.Program (Program.java:51) - Database updated
INFO  | 2021-03-03 13:21:55 | [main] ca_provaberti2.Program (Program.java:51) - Database updated
INFO  | 2021-03-03 13:23:52 | [main] ca_provaberti2.Program (Program.java:51) - Database updated
INFO  | 2021-03-03 13:23:52 | [main] ca_provaberti2.Program (Program.java:51) - Database updated
INFO  | 2021-03-03 13:24:23 | [main] ca_provaberti2.Program (Program.java:51) - Database updated
INFO  | 2021-03-03 13:24:23 | [main] ca_provaberti2.Program (Program.java:51) - Database updated
INFO  | 2021-03-03 13:28:05 | [main] ca_provaberti2.Program (Program.java:51) - Database updated
INFO  | 2021-03-03 13:28:06 | [main] ca_provaberti2.Program (Program.java:51) - Database updated
INFO  | 2021-03-03 13:34:17 | [main] ca_provaberti2.Program (Program.java:51) - Database updated
INFO  | 2021-03-03 13:34:17 | [main] ca_provaberti2.Program (Program.java:51) - Database updated
INFO  | 2021-03-03 13:34:44 | [main] ca_provaberti2.Program (Program.java:51) - Database updated
INFO  | 2021-03-03 13:34:44 | [main] ca_provaberti2.Program (Program.java:51) - Database updated
INFO  | 2021-03-03 13:35:00 | [main] ca_provaberti2.Program (Program.java:51) - Database updated
INFO  | 2021-03-03 13:35:00 | [main] ca_provaberti2.Program (Program.java:51) - Database updated
INFO  | 2021-03-03 13:36:10 | [main] ca_provaberti2.Program (Program.java:51) - Database updated
INFO  | 2021-03-03 13:36:10 | [main] ca_provaberti2.Program (Program.java:51) - Database updated
INFO  | 2021-03-03 13:37:24 | [main] ca_provaberti2.Program (Program.java:51) - Database updated
INFO  | 2021-03-03 13:37:24 | [main] ca_provaberti2.Program (Program.java:51) - Database updated
INFO  | 2021-03-03 13:40:53 | [main] ca_provaberti2.Program (Program.java:51) - Database updated
INFO  | 2021-03-03 13:40:53 | [main] ca_provaberti2.Program (Program.java:51) - Database updated
INFO  | 2021-03-03 13:43:28 | [main] ca_provaberti2.Program (Program.java:51) - Database updated
INFO  | 2021-03-03 13:43:28 | [main] ca_provaberti2.Program (Program.java:51) - Database updated
INFO  | 2021-03-03 13:44:09 | [main] ca_provaberti2.Program (Program.java:51) - Database updated
INFO  | 2021-03-03 13:44:10 | [main] ca_provaberti2.Program (Program.java:51) - Database updated
INFO  | 2021-03-03 13:44:49 | [main] ca_provaberti2.Program (Program.java:51) - Database updated
INFO  | 2021-03-03 13:44:49 | [main] ca_provaberti2.Program (Program.java:51) - Database updated
INFO  | 2021-03-03 13:45:23 | [main] ca_provaberti2.Program (Program.java:51) - Database updated
INFO  | 2021-03-03 13:45:23 | [main] ca_provaberti2.Program (Program.java:51) - Database updated
INFO  | 2021-03-03 13:46:39 | [main] ca_provaberti2.Program (Program.java:51) - Database updated
INFO  | 2021-03-03 13:46:39 | [main] ca_provaberti2.Program (Program.java:51) - Database updated
INFO  | 2021-03-03 13:47:16 | [main] ca_provaberti2.Program (Program.java:51) - Database updated
INFO  | 2021-03-03 13:47:16 | [main] ca_provaberti2.Program (Program.java:51) - Database updated
INFO  | 2021-03-03 13:48:24 | [main] ca_provaberti2.Program (Program.java:51) - Database updated
INFO  | 2021-03-03 13:48:24 | [main] ca_provaberti2.Program (Program.java:51) - Database updated
INFO  | 2021-03-03 13:49:15 | [main] ca_provaberti2.Program (Program.java:51) - Database updated
INFO  | 2021-03-03 13:49:15 | [main] ca_provaberti2.Program (Program.java:51) - Database updated
INFO  | 2021-03-03 13:50:16 | [main] ca_provaberti2.Program (Program.java:51) - Database updated
INFO  | 2021-03-03 13:50:16 | [main] ca_provaberti2.Program (Program.java:51) - Database updated
INFO  | 2021-03-03 13:50:28 | [main] ca_provaberti2.Program (Program.java:51) - Database updated
INFO  | 2021-03-03 13:50:28 | [main] ca_provaberti2.Program (Program.java:51) - Database updated
INFO  | 2021-03-03 13:50:54 | [main] ca_provaberti2.Program (Program.java:51) - Database updated
INFO  | 2021-03-03 13:50:54 | [main] ca_provaberti2.Program (Program.java:51) - Database updated
INFO  | 2021-03-03 23:16:17 | [main] ca_provaberti2.Program (Program.java:51) - Database updated
INFO  | 2021-03-03 23:16:17 | [main] ca_provaberti2.Program (Program.java:51) - Database updated
INFO  | 2021-03-04 02:20:56 | [main] ca_provaberti2.Program (Program.java:51) - Database updated
INFO  | 2021-03-04 02:20:56 | [main] ca_provaberti2.Program (Program.java:51) - Database updated
INFO  | 2021-03-04 02:23:09 | [main] ca_provaberti2.Program (Program.java:51) - Database updated
INFO  | 2021-03-04 02:23:09 | [main] ca_provaberti2.Program (Program.java:51) - Database updated
INFO  | 2021-03-04 02:23:31 | [main] ca_provaberti2.Program (Program.java:51) - Database updated
INFO  | 2021-03-04 02:23:31 | [main] ca_provaberti2.Program (Program.java:51) - Database updated
INFO  | 2021-03-04 02:25:21 | [main] ca_provaberti2.Program (Program.java:51) - Database updated
INFO  | 2021-03-04 02:25:21 | [main] ca_provaberti2.Program (Program.java:51) - Database updated
INFO  | 2021-03-04 02:26:18 | [main] ca_provaberti2.Program (Program.java:51) - Database updated
INFO  | 2021-03-04 02:26:18 | [main] ca_provaberti2.Program (Program.java:51) - Database updated
INFO  | 2021-03-04 02:28:02 | [main] ca_provaberti2.Program (Program.java:51) - Database updated
INFO  | 2021-03-04 02:28:02 | [main] ca_provaberti2.Program (Program.java:51) - Database updated
INFO  | 2021-03-04 02:29:23 | [main] ca_provaberti2.Program (Program.java:51) - Database updated
INFO  | 2021-03-04 02:29:23 | [main] ca_provaberti2.Program (Program.java:51) - Database updated
INFO  | 2021-03-04 02:29:55 | [main] ca_provaberti2.Program (Program.java:51) - Database updated
INFO  | 2021-03-04 02:29:55 | [main] ca_provaberti2.Program (Program.java:51) - Database updated
INFO  | 2021-03-04 02:30:34 | [main] ca_provaberti2.Program (Program.java:51) - Database updated
INFO  | 2021-03-04 02:30:34 | [main] ca_provaberti2.Program (Program.java:51) - Database updated
INFO  | 2021-03-04 02:30:50 | [main] ca_provaberti2.Program (Program.java:51) - Database updated
INFO  | 2021-03-04 02:30:50 | [main] ca_provaberti2.Program (Program.java:51) - Database updated
INFO  | 2021-03-04 02:31:44 | [main] ca_provaberti2.Program (Program.java:51) - Database updated
INFO  | 2021-03-04 02:31:44 | [main] ca_provaberti2.Program (Program.java:51) - Database updated
INFO  | 2021-03-04 02:32:12 | [main] ca_provaberti2.Program (Program.java:51) - Database updated
INFO  | 2021-03-04 02:32:13 | [main] ca_provaberti2.Program (Program.java:51) - Database updated
INFO  | 2021-03-04 02:32:36 | [main] ca_provaberti2.Program (Program.java:51) - Database updated
INFO  | 2021-03-04 02:32:36 | [main] ca_provaberti2.Program (Program.java:51) - Database updated
INFO  | 2021-03-04 02:35:37 | [main] ca_provaberti2.Program (Program.java:51) - Database updated
INFO  | 2021-03-04 02:35:37 | [main] ca_provaberti2.Program (Program.java:51) - Database updated
INFO  | 2021-03-04 02:36:05 | [main] ca_provaberti2.Program (Program.java:51) - Database updated
INFO  | 2021-03-04 02:36:05 | [main] ca_provaberti2.Program (Program.java:51) - Database updated
INFO  | 2021-03-04 02:38:40 | [main] ca_provaberti2.Program (Program.java:51) - Database updated
INFO  | 2021-03-04 02:38:40 | [main] ca_provaberti2.Program (Program.java:51) - Database updated
INFO  | 2021-03-04 02:40:51 | [main] ca_provaberti2.Program (Program.java:51) - Database updated
INFO  | 2021-03-04 02:40:51 | [main] ca_provaberti2.Program (Program.java:51) - Database updated
